生成启动时间为 2017/5/31 20:09:45。
     1>项目“H:\Programming\vs2010\cpp\Win32\GraduationDesign\GraduationDesign\GraduationDesign.vcxproj”在节点 2 上(build 个目标)。
     1>InitializeBuildStatus:
         正在创建“Debug\GraduationDesign.unsuccessfulbuild”，因为已指定“AlwaysCreate”。
       ClCompile:
         所有输出均为最新。
         E:\Program Files\Microsoft Visual Studio 10.0\VC\bin\CL.exe /c /ZI /nologo /W3 /WX- /Od /Oy- /D WIN32 /D _DEBUG /D _CONSOLE /D _UNICODE /D UNICODE /Gm /EHsc /RTC1 /MDd /GS /fp:precise /Zc:wchar_t /Zc:forScope /Yu"StdAfx.h" /Fp"Debug\GraduationDesign.pch" /Fo"Debug\\" /Fd"Debug\vc100.pdb" /Gd /TP /analyze- /errorReport:prompt Exp.cpp
         Exp.cpp
     1>h:\programming\vs2010\cpp\win32\graduationdesign\graduationdesign\exp.cpp(248): warning C4996: 'strcpy': This function or variable may be unsafe. Consider using strcpy_s instead. To disable deprecation, use _CRT_SECURE_NO_WARNINGS. See online help for details.
                 e:\program files\microsoft visual studio 10.0\vc\include\string.h(105) : 参见“strcpy”的声明
       ManifestResourceCompile:
         所有输出均为最新。
       Link:
         E:\Program Files\Microsoft Visual Studio 10.0\VC\bin\link.exe /ERRORREPORT:PROMPT /OUT:"H:\Programming\vs2010\cpp\Win32\GraduationDesign\Debug\GraduationDesign.exe" /INCREMENTAL /NOLOGO kernel32.lib user32.lib gdi32.lib winspool.lib comdlg32.lib advapi32.lib shell32.lib ole32.lib oleaut32.lib uuid.lib odbc32.lib odbccp32.lib /MANIFEST /ManifestFile:"Debug\GraduationDesign.exe.intermediate.manifest" /MANIFESTUAC:"level='asInvoker' uiAccess='false'" /DEBUG /PDB:"H:\Programming\vs2010\cpp\Win32\GraduationDesign\Debug\GraduationDesign.pdb" /SUBSYSTEM:CONSOLE /TLBID:1 /DYNAMICBASE /NXCOMPAT /IMPLIB:"H:\Programming\vs2010\cpp\Win32\GraduationDesign\Debug\GraduationDesign.lib" /MACHINE:X86 Debug\GraduationDesign.exe.embed.manifest.res
         Debug\CharControl.obj
         Debug\Common.obj
         Debug\Exp.obj
         Debug\ExpNode.obj
         Debug\GD.obj
         Debug\GraduationDesign.obj
         Debug\KeyMatcher.obj
         Debug\MathExp.obj
         Debug\Oper.obj
         Debug\stdafx.obj
         Debug\Var.obj
         Debug\VarList.obj
         Debug\WmfFile.obj
       Manifest:
         c:\Program Files\Microsoft SDKs\Windows\v7.0A\bin\mt.exe /nologo /verbose /out:"Debug\GraduationDesign.exe.embed.manifest" /manifest Debug\GraduationDesign.exe.intermediate.manifest
         所有输出均为最新。
       LinkEmbedManifest:
         所有输出均为最新。
         GraduationDesign.vcxproj -> H:\Programming\vs2010\cpp\Win32\GraduationDesign\Debug\GraduationDesign.exe
       FinalizeBuildStatus:
         正在删除文件“Debug\GraduationDesign.unsuccessfulbuild”。
         正在对“Debug\GraduationDesign.lastbuildstate”执行 Touch 任务。
     1>已完成生成项目“H:\Programming\vs2010\cpp\Win32\GraduationDesign\GraduationDesign\GraduationDesign.vcxproj”(build 个目标)的操作。

生成成功。

已用时间 00:00:01.34
